<?xml version="1.0" encoding="UTF-8"?>
<!-- Generated by org.testng.reporters.JUnitXMLReporter -->
<testsuite ignored="23" hostname="C02H37X5Q6L4" failures="0" tests="1" name="MicrositeScreenLoadTime" time="8.141" errors="0" timestamp="10 May 2023 17:34:47 GMT">
  <testcase classname="com.micrositescreenloadtimeqa.testcases.MicrositePageLoadTimeTest" name="haryanaStudentTimeTest" time="6.255"/>
  <testcase classname="com.micrositescreenloadtimeqa.testcases.MicrositePageLoadTimeTest" name="nagalandTeacherTimeTest" time="0.0">
    <ignored/>
  </testcase> <!-- nagalandTeacherTimeTest -->
  <testcase classname="com.micrositescreenloadtimeqa.testcases.MicrositePageLoadTimeTest" name="himachalPradeshStudentTimeTest" time="0.0">
    <ignored/>
  </testcase> <!-- himachalPradeshStudentTimeTest -->
  <testcase classname="com.micrositescreenloadtimeqa.testcases.MicrositePageLoadTimeTest" name="goaStudentTimeTest" time="0.0">
    <ignored/>
  </testcase> <!-- goaStudentTimeTest -->
  <testcase classname="com.micrositescreenloadtimeqa.testcases.MicrositePageLoadTimeTest" name="uttarakhandStudentTimeTest" time="0.0">
    <ignored/>
  </testcase> <!-- uttarakhandStudentTimeTest -->
  <testcase classname="com.micrositescreenloadtimeqa.testcases.MicrositePageLoadTimeTest" name="assamStudentTimeTest" time="0.0">
    <ignored/>
  </testcase> <!-- assamStudentTimeTest -->
  <testcase classname="com.micrositescreenloadtimeqa.testcases.MicrositePageLoadTimeTest" name="punjabTeacherTimeTest" time="0.0">
    <ignored/>
  </testcase> <!-- punjabTeacherTimeTest -->
  <testcase classname="com.micrositescreenloadtimeqa.testcases.MicrositePageLoadTimeTest" name="goaTeacherTimeTest" time="0.0">
    <ignored/>
  </testcase> <!-- goaTeacherTimeTest -->
  <testcase classname="com.micrositescreenloadtimeqa.testcases.MicrositePageLoadTimeTest" name="uttarPradeshStudentTimeTest" time="0.0">
    <ignored/>
  </testcase> <!-- uttarPradeshStudentTimeTest -->
  <testcase classname="com.micrositescreenloadtimeqa.testcases.MicrositePageLoadTimeTest" name="rajasthanTeacherTimeTest" time="0.0">
    <ignored/>
  </testcase> <!-- rajasthanTeacherTimeTest -->
  <testcase classname="com.micrositescreenloadtimeqa.testcases.MicrositePageLoadTimeTest" name="nagalandStudentTimeTest" time="0.0">
    <ignored/>
  </testcase> <!-- nagalandStudentTimeTest -->
  <testcase classname="com.micrositescreenloadtimeqa.testcases.MicrositePageLoadTimeTest" name="uttarPradeshTeacherTimeTest" time="0.0">
    <ignored/>
  </testcase> <!-- uttarPradeshTeacherTimeTest -->
  <testcase classname="com.micrositescreenloadtimeqa.testcases.MicrositePageLoadTimeTest" name="karnatakaStudentTimeTest" time="0.0">
    <ignored/>
  </testcase> <!-- karnatakaStudentTimeTest -->
  <testcase classname="com.micrositescreenloadtimeqa.testcases.MicrositePageLoadTimeTest" name="rajasthanStudentTimeTest" time="0.0">
    <ignored/>
  </testcase> <!-- rajasthanStudentTimeTest -->
  <testcase classname="com.micrositescreenloadtimeqa.testcases.MicrositePageLoadTimeTest" name="assamTeacherTimeTest" time="0.0">
    <ignored/>
  </testcase> <!-- assamTeacherTimeTest -->
  <testcase classname="com.micrositescreenloadtimeqa.testcases.MicrositePageLoadTimeTest" name="biharTeacherTimeTest" time="0.0">
    <ignored/>
  </testcase> <!-- biharTeacherTimeTest -->
  <testcase classname="com.micrositescreenloadtimeqa.testcases.MicrositePageLoadTimeTest" name="karnatakaTeacherTimeTest" time="0.0">
    <ignored/>
  </testcase> <!-- karnatakaTeacherTimeTest -->
  <testcase classname="com.micrositescreenloadtimeqa.testcases.MicrositePageLoadTimeTest" name="haryanaTeacherTimeTest" time="0.0">
    <ignored/>
  </testcase> <!-- haryanaTeacherTimeTest -->
  <testcase classname="com.micrositescreenloadtimeqa.testcases.MicrositePageLoadTimeTest" name="uttarakhandTeacherTimeTest" time="0.0">
    <ignored/>
  </testcase> <!-- uttarakhandTeacherTimeTest -->
  <testcase classname="com.micrositescreenloadtimeqa.testcases.MicrositePageLoadTimeTest" name="madhyaPradeshTeacherTimeTest" time="0.0">
    <ignored/>
  </testcase> <!-- madhyaPradeshTeacherTimeTest -->
  <testcase classname="com.micrositescreenloadtimeqa.testcases.MicrositePageLoadTimeTest" name="punjabStudentTimeTest" time="0.0">
    <ignored/>
  </testcase> <!-- punjabStudentTimeTest -->
  <testcase classname="com.micrositescreenloadtimeqa.testcases.MicrositePageLoadTimeTest" name="madhyaPradeshStudentTimeTest" time="0.0">
    <ignored/>
  </testcase> <!-- madhyaPradeshStudentTimeTest -->
  <testcase classname="com.micrositescreenloadtimeqa.testcases.MicrositePageLoadTimeTest" name="himachalPradeshTeacherTimeTest" time="0.0">
    <ignored/>
  </testcase> <!-- himachalPradeshTeacherTimeTest -->
  <testcase classname="com.micrositescreenloadtimeqa.testcases.MicrositePageLoadTimeTest" name="biharStudentTimeTest" time="0.0">
    <ignored/>
  </testcase> <!-- biharStudentTimeTest -->
</testsuite> <!-- MicrositeScreenLoadTime -->
