<?xml version="1.0" encoding="UTF-8"?>
<!-- Generated by org.testng.reporters.JUnitXMLReporter -->
<testsuite ignored="0" hostname="EBL-FVFZ88FFJ1WK" failures="0" tests="3" name="UDISE Flow" time="41.568" errors="0" timestamp="21 May 2023 11:20:40 GMT">
  <testcase classname="com.micrositescreenloadtimeqa.testcases.MicrositePageLoadTimeTest" name="maharashtraTeacherTimeTest" time="6.727"/>
  <testcase classname="com.micrositescreenloadtimeqa.testcases.MicrositePageLoadTimeTest" name="jammuKhasmirStudentTimeTest" time="8.136"/>
  <testcase classname="com.micrositescreenloadtimeqa.testcases.MicrositePageLoadTimeTest" name="jammuKhasmirTeacherTimeTest" time="4.98"/>
</testsuite> <!-- UDISE Flow -->
